<?xml version="1.0" encoding="UTF-8"?>
<!-- Generated by org.testng.reporters.JUnitReportReporter -->
<testsuite skipped="0" hostname="LAPTOP-JBBUA0B0" name="RestCallsTest" tests="1" failures="0" timestamp="2020-04-29T03:40:48 EET" time="2.960" errors="0">
  <testcase name="test_01" time="2.960" classname="RestCallsTest"/>
  <system-out/>
</testsuite> <!-- RestCallsTest -->
