<?xml version="1.0" encoding="UTF-8"?>
<!-- Generated by org.testng.reporters.JUnitReportReporter -->
<testsuite skipped="0" hostname="LAPTOP-JBBUA0B0" name="demo.DemoMethods" tests="2" failures="0" timestamp="2020-04-30T03:30:27 EET" time="4.543" errors="0">
  <testcase name="testPost" time="0.946" classname="demo.DemoMethods"/>
  <system-out/>
  <testcase name="testGet" time="3.597" classname="demo.DemoMethods"/>
  <system-out/>
</testsuite> <!-- demo.DemoMethods -->
