<?xml version="1.0" encoding="UTF-8"?>
<!-- Generated by org.testng.reporters.JUnitReportReporter -->
<testsuite skipped="0" hostname="LAPTOP-JBBUA0B0" name="demo.GetTest" tests="1" failures="0" timestamp="2020-04-30T22:57:22 EET" time="6.199" errors="0">
  <testcase name="test_1" time="6.199" classname="demo.GetTest"/>
  <system-out/>
</testsuite> <!-- demo.GetTest -->
