<?xml version="1.0" encoding="UTF-8"?>
<!-- Generated by org.testng.reporters.JUnitReportReporter -->
<testsuite skipped="0" hostname="LAPTOP-JBBUA0B0" name="demo.PostTest" tests="1" failures="0" timestamp="2020-05-01T02:41:22 EET" time="3.539" errors="0">
  <testcase name="testPost" time="3.539" classname="demo.PostTest"/>
  <system-out/>
</testsuite> <!-- demo.PostTest -->
